c:\users\grcomerce\desktop\cwm\bmp laba\bmpeshka\debug\vc140.pdb
c:\users\grcomerce\desktop\cwm\bmp laba\bmpeshka\debug\bmp.obj
c:\users\grcomerce\desktop\cwm\bmp laba\bmpeshka\debug\.netframework,version=v4.0.assemblyattributes.obj
c:\users\grcomerce\desktop\cwm\bmp laba\bmpeshka\debug\.netframework,version=v4.0.assemblyattributes.asm
c:\users\grcomerce\desktop\cwm\bmp laba\bmpeshka\debug\bmpeshka.vcxprojresolveassemblyreference.cache
c:\users\grcomerce\desktop\cwm\bmp laba\bmpeshka\debug\bmpeshka.exe.embed.manifest
c:\users\grcomerce\desktop\cwm\bmp laba\bmpeshka\debug\bmpeshka.exe.intermediate.manifest
c:\users\grcomerce\desktop\cwm\bmp laba\bmpeshka\debug\bmpeshka.exe.embed.manifest.res
c:\users\grcomerce\desktop\cwm\bmp laba\bmpeshka\debug\vc70.idb
c:\users\grcomerce\desktop\cwm\bmp laba\bmpeshka\debug\bmpeshka.pdb
c:\users\grcomerce\desktop\cwm\bmp laba\bmpeshka\debug\vc70.pdb
c:\users\grcomerce\desktop\cwm\bmp laba\bmpeshka\debug\bmpeshka.tlog\cl.command.1.tlog
c:\users\grcomerce\desktop\cwm\bmp laba\bmpeshka\debug\bmpeshka.tlog\cl.read.1.tlog
c:\users\grcomerce\desktop\cwm\bmp laba\bmpeshka\debug\bmpeshka.tlog\cl.write.1.tlog
c:\users\grcomerce\desktop\cwm\bmp laba\bmpeshka\debug\bmpeshka.tlog\link-cvtres.read.1.tlog
c:\users\grcomerce\desktop\cwm\bmp laba\bmpeshka\debug\bmpeshka.tlog\link-cvtres.write.1.tlog
c:\users\grcomerce\desktop\cwm\bmp laba\bmpeshka\debug\bmpeshka.tlog\link-rc.read.1.tlog
c:\users\grcomerce\desktop\cwm\bmp laba\bmpeshka\debug\bmpeshka.tlog\link-rc.write.1.tlog
c:\users\grcomerce\desktop\cwm\bmp laba\bmpeshka\debug\bmpeshka.tlog\link.4644-cvtres.read.1.tlog
c:\users\grcomerce\desktop\cwm\bmp laba\bmpeshka\debug\bmpeshka.tlog\link.4644-cvtres.write.1.tlog
c:\users\grcomerce\desktop\cwm\bmp laba\bmpeshka\debug\bmpeshka.tlog\link.4644-rc.read.1.tlog
c:\users\grcomerce\desktop\cwm\bmp laba\bmpeshka\debug\bmpeshka.tlog\link.4644-rc.write.1.tlog
c:\users\grcomerce\desktop\cwm\bmp laba\bmpeshka\debug\bmpeshka.tlog\link.4644.read.1.tlog
c:\users\grcomerce\desktop\cwm\bmp laba\bmpeshka\debug\bmpeshka.tlog\link.4644.write.1.tlog
c:\users\grcomerce\desktop\cwm\bmp laba\bmpeshka\debug\bmpeshka.tlog\link.command.1.tlog
c:\users\grcomerce\desktop\cwm\bmp laba\bmpeshka\debug\bmpeshka.tlog\link.read.1.tlog
c:\users\grcomerce\desktop\cwm\bmp laba\bmpeshka\debug\bmpeshka.tlog\link.write.1.tlog
c:\users\grcomerce\desktop\cwm\bmp laba\bmpeshka\debug\bmpeshka.tlog\metagen.read.1.tlog
c:\users\grcomerce\desktop\cwm\bmp laba\bmpeshka\debug\bmpeshka.tlog\metagen.write.1.tlog
c:\users\grcomerce\desktop\cwm\bmp laba\bmpeshka\debug\bmpeshka.tlog\rsaenh.dll.bi
c:\users\grcomerce\desktop\cwm\bmp laba\bmpeshka\debug\bmpeshka.tlog\tzres.dll.bi
